2023-09-11 10:08:24.324 [main] INFO  com.strong.wind.Application - Starting Application using Java 1.8.0_281 on strongWind with PID 27676 (F:\private\java\java_util\app\target\classes started by ASUS in F:\private\java\java_util)
2023-09-11 10:08:24.327 [main] INFO  com.strong.wind.Application - The following profiles are active: dev
2023-09-11 10:08:25.185 [main] INFO  o.s.boot.web.embedded.tomcat.TomcatWebServer - Tomcat initialized with port(s): 8801 (http)
2023-09-11 10:08:25.193 [main] INFO  org.apache.coyote.http11.Http11NioProtocol - Initializing ProtocolHandler ["http-nio-8801"]
2023-09-11 10:08:25.193 [main] INFO  org.apache.catalina.core.StandardService - Starting service [Tomcat]
2023-09-11 10:08:25.193 [main] INFO  org.apache.catalina.core.StandardEngine - Starting Servlet engine: [Apache Tomcat/9.0.52]
2023-09-11 10:08:25.273 [main] INFO  o.a.c.core.ContainerBase.[Tomcat].[localhost].[/] - Initializing Spring embedded WebApplicationContext
2023-09-11 10:08:25.273 [main] INFO  o.s.b.w.s.c.ServletWebServerApplicationContext - Root WebApplicationContext: initialization completed in 900 ms
2023-09-11 10:08:25.566 [main] INFO  org.apache.coyote.http11.Http11NioProtocol - Starting ProtocolHandler ["http-nio-8801"]
2023-09-11 10:08:25.580 [main] INFO  o.s.boot.web.embedded.tomcat.TomcatWebServer - Tomcat started on port(s): 8801 (http) with context path ''
2023-09-11 10:08:25.588 [main] INFO  com.strong.wind.Application - Started Application in 1.833 seconds (JVM running for 4.396)
2023-09-11 10:13:24.660 [main] INFO  com.strong.wind.app.AppApplication - Starting AppApplication using Java 1.8.0_281 on strongWind with PID 9156 (F:\private\java\java_util\app\target\classes started by ASUS in F:\private\java\java_util)
2023-09-11 10:13:24.662 [main] INFO  com.strong.wind.app.AppApplication - The following profiles are active: dev
2023-09-11 10:13:25.350 [main] INFO  o.s.boot.web.embedded.tomcat.TomcatWebServer - Tomcat initialized with port(s): 8801 (http)
2023-09-11 10:13:25.356 [main] INFO  org.apache.coyote.http11.Http11NioProtocol - Initializing ProtocolHandler ["http-nio-8801"]
2023-09-11 10:13:25.357 [main] INFO  org.apache.catalina.core.StandardService - Starting service [Tomcat]
2023-09-11 10:13:25.357 [main] INFO  org.apache.catalina.core.StandardEngine - Starting Servlet engine: [Apache Tomcat/9.0.52]
2023-09-11 10:13:25.422 [main] INFO  o.a.c.core.ContainerBase.[Tomcat].[localhost].[/] - Initializing Spring embedded WebApplicationContext
2023-09-11 10:13:25.422 [main] INFO  o.s.b.w.s.c.ServletWebServerApplicationContext - Root WebApplicationContext: initialization completed in 728 ms
2023-09-11 10:13:25.643 [main] INFO  org.apache.coyote.http11.Http11NioProtocol - Starting ProtocolHandler ["http-nio-8801"]
2023-09-11 10:13:25.653 [main] INFO  o.s.boot.web.embedded.tomcat.TomcatWebServer - Tomcat started on port(s): 8801 (http) with context path ''
2023-09-11 10:13:25.660 [main] INFO  com.strong.wind.app.AppApplication - Started AppApplication in 1.398 seconds (JVM running for 3.113)
